2026-03-24 16:44:25,597 - INFO - fundoo-app - API called: Get Users
2026-03-24 16:44:25,597 - INFO - fundoo-app - Fetching all users
2026-03-25 10:43:06,942 - INFO - fundoo-app - API called: Update User 1
2026-03-25 10:43:06,943 - INFO - fundoo-app - Updating user id: 1
2026-03-25 10:43:06,987 - INFO - fundoo-app - User updated
2026-03-25 10:43:42,809 - INFO - fundoo-app - API called: Get Users
2026-03-25 10:43:42,810 - INFO - fundoo-app - Fetching all users
2026-03-25 10:45:16,944 - INFO - fundoo-app - API called: Get Users
2026-03-25 10:45:16,944 - INFO - fundoo-app - Fetching all users
2026-03-25 10:56:50,286 - INFO - fundoo-app - API called: Create User
2026-03-25 10:56:50,287 - INFO - fundoo-app - Creating user: ram@gmail.com
2026-03-25 10:56:50,340 - INFO - fundoo-app - User created successfully
2026-03-25 10:56:51,323 - INFO - fundoo-app - API called: Create User
2026-03-25 10:56:51,323 - INFO - fundoo-app - Creating user: ram@gmail.com
2026-03-25 10:57:17,490 - INFO - fundoo-app - API called: Create User
2026-03-25 10:57:17,490 - INFO - fundoo-app - Creating user: ram@gmail.com
2026-03-25 10:59:01,348 - INFO - fundoo-app - API called: Get Users
2026-03-25 10:59:01,349 - INFO - fundoo-app - Fetching all users
2026-03-25 10:59:35,908 - INFO - fundoo-app - API called: Get User 9
2026-03-25 10:59:35,909 - INFO - fundoo-app - Fetching user with id: 9
2026-03-25 11:16:34,325 - INFO - fundoo-app - API called: Get User 6
2026-03-25 11:16:34,326 - INFO - fundoo-app - Fetching user with id: 6
2026-03-26 11:08:08,595 - INFO - fundoo-app - 3 notes fetched
2026-03-26 11:09:23,666 - INFO - fundoo-app - Note created for user 3
2026-03-26 11:09:45,543 - INFO - fundoo-app - 1 notes fetched for user 3
2026-03-26 11:10:12,648 - INFO - fundoo-app - Note 1 deleted
